À19:26:28,681 |-INFO in ch.qos.logback.classic.LoggerContext[default] - Found resource [logback-test.xml] at [file:/C:/dev/projects/logback-highlight-ex/build/resources/test/logback-test.xml]
j19:26:28,730 |-INFO in ch.qos.logback.classic.joran.action.ConfigurationAction - debug attribute not set
À19:26:28,730 |-INFO in ch.qos.logback.core.joran.action.ConversionRuleAction - registering conversion word highlightex with class [code.nighma.logging.utils.HighlightingCompositeConverterEx]
–19:26:28,734 |-INFO in ch.qos.logback.core.joran.action.AppenderAction - About to instantiate appender of type [ch.qos.logback.core.ConsoleAppender]
g19:26:28,736 |-INFO in ch.qos.logback.core.joran.action.AppenderAction - Naming appender as [Console]
ó19:26:28,758 |-ERROR in ch.qos.logback.core.pattern.parser.Compiler@561868a0 - Failed to instantiate converter class [code.nighma.logging.utils.HighlightingCompositeConverterEx] as a composite converter for keyword [highlightex] ch.qos.logback.core.util.DynamicClassLoadingException: Failed to instantiate type code.nighma.logging.utils.HighlightingCompositeConverterEx
’	at ch.qos.logback.core.util.DynamicClassLoadingException: Failed to instantiate type code.nighma.logging.utils.HighlightingCompositeConverterEx
h	at 	at ch.qos.logback.core.util.OptionHelper.instantiateByClassNameAndParameter(OptionHelper.java:69)
\	at 	at ch.qos.logback.core.util.OptionHelper.instantiateByClassName(OptionHelper.java:45)
\	at 	at ch.qos.logback.core.util.OptionHelper.instantiateByClassName(OptionHelper.java:34)
a	at 	at ch.qos.logback.core.pattern.parser.Compiler.createCompositeConverter(Compiler.java:129)
O	at 	at ch.qos.logback.core.pattern.parser.Compiler.compile(Compiler.java:47)
K	at 	at ch.qos.logback.core.pattern.parser.Parser.compile(Parser.java:87)
X	at 	at ch.qos.logback.core.pattern.PatternLayoutBase.start(PatternLayoutBase.java:84)
h	at 	at ch.qos.logback.core.joran.action.NestedComplexPropertyIA.end(NestedComplexPropertyIA.java:161)
W	at 	at ch.qos.logback.core.joran.spi.Interpreter.callEndAction(Interpreter.java:309)
T	at 	at ch.qos.logback.core.joran.spi.Interpreter.endElement(Interpreter.java:193)
T	at 	at ch.qos.logback.core.joran.spi.Interpreter.endElement(Interpreter.java:179)
M	at 	at ch.qos.logback.core.joran.spi.EventPlayer.play(EventPlayer.java:62)
a	at 	at ch.qos.logback.core.joran.GenericConfigurator.doConfigure(GenericConfigurator.java:165)
a	at 	at ch.qos.logback.core.joran.GenericConfigurator.doConfigure(GenericConfigurator.java:152)
a	at 	at ch.qos.logback.core.joran.GenericConfigurator.doConfigure(GenericConfigurator.java:110)
`	at 	at ch.qos.logback.core.joran.GenericConfigurator.doConfigure(GenericConfigurator.java:53)
h	at 	at ch.qos.logback.classic.util.ContextInitializer.configureByResource(ContextInitializer.java:64)
`	at 	at ch.qos.logback.classic.util.ContextInitializer.autoConfig(ContextInitializer.java:134)
L	at 	at org.slf4j.impl.StaticLoggerBinder.init(StaticLoggerBinder.java:84)
P	at 	at org.slf4j.impl.StaticLoggerBinder.<clinit>(StaticLoggerBinder.java:55)
>	at 	at org.slf4j.LoggerFactory.bind(LoggerFactory.java:150)
O	at 	at org.slf4j.LoggerFactory.performInitialization(LoggerFactory.java:124)
K	at 	at org.slf4j.LoggerFactory.getILoggerFactory(LoggerFactory.java:417)
C	at 	at org.slf4j.LoggerFactory.getLogger(LoggerFactory.java:362)
C	at 	at org.slf4j.LoggerFactory.getLogger(LoggerFactory.java:388)
”	at 	at code.nighma.logging.utils.LogbackHighlightCompositeConverterExTest.fakeTestToDisplayLogs(LogbackHighlightCompositeConverterExTest.java:11)
X	at 	at java.base/jdk.internal.reflect.NativeMethodAccessorImpl.invoke0(Native Method)
j	at 	at java.base/jdk.internal.reflect.NativeMethodAccessorImpl.invoke(NativeMethodAccessorImpl.java:77)
r	at 	at java.base/jdk.internal.reflect.DelegatingMethodAccessorImpl.invoke(DelegatingMethodAccessorImpl.java:43)
D	at 	at java.base/java.lang.reflect.Method.invoke(Method.java:568)
`	at 	at org.junit.platform.commons.util.ReflectionUtils.invokeMethod(ReflectionUtils.java:725)
_	at 	at org.junit.jupiter.engine.execution.MethodInvocation.proceed(MethodInvocation.java:60)
‰	at 	at org.junit.jupiter.engine.execution.InvocationInterceptorChain$ValidatingInvocation.proceed(InvocationInterceptorChain.java:131)
b	at 	at org.junit.jupiter.engine.extension.TimeoutExtension.intercept(TimeoutExtension.java:149)
p	at 	at org.junit.jupiter.engine.extension.TimeoutExtension.interceptTestableMethod(TimeoutExtension.java:140)
k	at 	at org.junit.jupiter.engine.extension.TimeoutExtension.interceptTestMethod(TimeoutExtension.java:84)
Š	at 	at org.junit.jupiter.engine.execution.ExecutableInvoker$ReflectiveInterceptorCall.lambda$ofVoidMethod$0(ExecutableInvoker.java:115)
j	at 	at org.junit.jupiter.engine.execution.ExecutableInvoker.lambda$invoke$0(ExecutableInvoker.java:105)
Š	at 	at org.junit.jupiter.engine.execution.InvocationInterceptorChain$InterceptedInvocation.proceed(InvocationInterceptorChain.java:106)
s	at 	at org.junit.jupiter.engine.execution.InvocationInterceptorChain.proceed(InvocationInterceptorChain.java:64)
z	at 	at org.junit.jupiter.engine.execution.InvocationInterceptorChain.chainAndInvoke(InvocationInterceptorChain.java:45)
r	at 	at org.junit.jupiter.engine.execution.InvocationInterceptorChain.invoke(InvocationInterceptorChain.java:37)
a	at 	at org.junit.jupiter.engine.execution.ExecutableInvoker.invoke(ExecutableInvoker.java:104)
`	at 	at org.junit.jupiter.engine.execution.ExecutableInvoker.invoke(ExecutableInvoker.java:98)
ƒ	at 	at org.junit.jupiter.engine.descriptor.TestMethodTestDescriptor.lambda$invokeTestMethod$7(TestMethodTestDescriptor.java:214)
o	at 	at org.junit.platform.engine.support.hierarchical.ThrowableCollector.execute(ThrowableCollector.java:73)
z	at 	at org.junit.jupiter.engine.descriptor.TestMethodTestDescriptor.invokeTestMethod(TestMethodTestDescriptor.java:210)
q	at 	at org.junit.jupiter.engine.descriptor.TestMethodTestDescriptor.execute(TestMethodTestDescriptor.java:135)
p	at 	at org.junit.jupiter.engine.descriptor.TestMethodTestDescriptor.execute(TestMethodTestDescriptor.java:66)
x	at 	at org.junit.platform.engine.support.hierarchical.NodeTestTask.lambda$executeRecursively$6(NodeTestTask.java:151)
o	at 	at org.junit.platform.engine.support.hierarchical.ThrowableCollector.execute(ThrowableCollector.java:73)
x	at 	at org.junit.platform.engine.support.hierarchical.NodeTestTask.lambda$executeRecursively$8(NodeTestTask.java:141)
S	at 	at org.junit.platform.engine.support.hierarchical.Node.around(Node.java:137)
x	at 	at org.junit.platform.engine.support.hierarchical.NodeTestTask.lambda$executeRecursively$9(NodeTestTask.java:139)
o	at 	at org.junit.platform.engine.support.hierarchical.ThrowableCollector.execute(ThrowableCollector.java:73)
o	at 	at org.junit.platform.engine.support.hierarchical.NodeTestTask.executeRecursively(NodeTestTask.java:138)
c	at 	at org.junit.platform.engine.support.hierarchical.NodeTestTask.execute(NodeTestTask.java:95)
D	at 	at java.base/java.util.ArrayList.forEach(ArrayList.java:1511)
Ÿ	at 	at org.junit.platform.engine.support.hierarchical.SameThreadHierarchicalTestExecutorService.invokeAll(SameThreadHierarchicalTestExecutorService.java:41)
x	at 	at org.junit.platform.engine.support.hierarchical.NodeTestTask.lambda$executeRecursively$6(NodeTestTask.java:155)
o	at 	at org.junit.platform.engine.support.hierarchical.ThrowableCollector.execute(ThrowableCollector.java:73)
x	at 	at org.junit.platform.engine.support.hierarchical.NodeTestTask.lambda$executeRecursively$8(NodeTestTask.java:141)
S	at 	at org.junit.platform.engine.support.hierarchical.Node.around(Node.java:137)
x	at 	at org.junit.platform.engine.support.hierarchical.NodeTestTask.lambda$executeRecursively$9(NodeTestTask.java:139)
o	at 	at org.junit.platform.engine.support.hierarchical.ThrowableCollector.execute(ThrowableCollector.java:73)
o	at 	at org.junit.platform.engine.support.hierarchical.NodeTestTask.executeRecursively(NodeTestTask.java:138)
c	at 	at org.junit.platform.engine.support.hierarchical.NodeTestTask.execute(NodeTestTask.java:95)
D	at 	at java.base/java.util.ArrayList.forEach(ArrayList.java:1511)
Ÿ	at 	at org.junit.platform.engine.support.hierarchical.SameThreadHierarchicalTestExecutorService.invokeAll(SameThreadHierarchicalTestExecutorService.java:41)
x	at 	at org.junit.platform.engine.support.hierarchical.NodeTestTask.lambda$executeRecursively$6(NodeTestTask.java:155)
o	at 	at org.junit.platform.engine.support.hierarchical.ThrowableCollector.execute(ThrowableCollector.java:73)
x	at 	at org.junit.platform.engine.support.hierarchical.NodeTestTask.lambda$executeRecursively$8(NodeTestTask.java:141)
S	at 	at org.junit.platform.engine.support.hierarchical.Node.around(Node.java:137)
x	at 	at org.junit.platform.engine.support.hierarchical.NodeTestTask.lambda$executeRecursively$9(NodeTestTask.java:139)
o	at 	at org.junit.platform.engine.support.hierarchical.ThrowableCollector.execute(ThrowableCollector.java:73)
o	at 	at org.junit.platform.engine.support.hierarchical.NodeTestTask.executeRecursively(NodeTestTask.java:138)
c	at 	at org.junit.platform.engine.support.hierarchical.NodeTestTask.execute(NodeTestTask.java:95)
œ	at 	at org.junit.platform.engine.support.hierarchical.SameThreadHierarchicalTestExecutorService.submit(SameThreadHierarchicalTestExecutorService.java:35)
{	at 	at org.junit.platform.engine.support.hierarchical.HierarchicalTestExecutor.execute(HierarchicalTestExecutor.java:57)
w	at 	at org.junit.platform.engine.support.hierarchical.HierarchicalTestEngine.execute(HierarchicalTestEngine.java:54)
t	at 	at org.junit.platform.launcher.core.EngineExecutionOrchestrator.execute(EngineExecutionOrchestrator.java:108)
s	at 	at org.junit.platform.launcher.core.EngineExecutionOrchestrator.execute(EngineExecutionOrchestrator.java:88)
|	at 	at org.junit.platform.launcher.core.EngineExecutionOrchestrator.lambda$execute$0(EngineExecutionOrchestrator.java:54)
‚	at 	at org.junit.platform.launcher.core.EngineExecutionOrchestrator.withInterceptedStreams(EngineExecutionOrchestrator.java:67)
s	at 	at org.junit.platform.launcher.core.EngineExecutionOrchestrator.execute(EngineExecutionOrchestrator.java:52)
[	at 	at org.junit.platform.launcher.core.DefaultLauncher.execute(DefaultLauncher.java:96)
[	at 	at org.junit.platform.launcher.core.DefaultLauncher.execute(DefaultLauncher.java:75)
º	at 	at org.gradle.api.internal.tasks.testing.junitplatform.JUnitPlatformTestClassProcessor$CollectAllTestClassesExecutor.processAllTestClasses(JUnitPlatformTestClassProcessor.java:99)
¯	at 	at org.gradle.api.internal.tasks.testing.junitplatform.JUnitPlatformTestClassProcessor$CollectAllTestClassesExecutor.access$000(JUnitPlatformTestClassProcessor.java:79)
‹	at 	at org.gradle.api.internal.tasks.testing.junitplatform.JUnitPlatformTestClassProcessor.stop(JUnitPlatformTestClassProcessor.java:75)
m	at 	at org.gradle.api.internal.tasks.testing.SuiteTestClassProcessor.stop(SuiteTestClassProcessor.java:61)
X	at 	at java.base/jdk.internal.reflect.NativeMethodAccessorImpl.invoke0(Native Method)
j	at 	at java.base/jdk.internal.reflect.NativeMethodAccessorImpl.invoke(NativeMethodAccessorImpl.java:77)
r	at 	at java.base/jdk.internal.reflect.DelegatingMethodAccessorImpl.invoke(DelegatingMethodAccessorImpl.java:43)
D	at 	at java.base/java.lang.reflect.Method.invoke(Method.java:568)
^	at 	at org.gradle.internal.dispatch.ReflectionDispatch.dispatch(ReflectionDispatch.java:36)
^	at 	at org.gradle.internal.dispatch.ReflectionDispatch.dispatch(ReflectionDispatch.java:24)
n	at 	at org.gradle.internal.dispatch.ContextClassLoaderDispatch.dispatch(ContextClassLoaderDispatch.java:33)
}	at 	at org.gradle.internal.dispatch.ProxyDispatchAdapter$DispatchingInvocationHandler.invoke(ProxyDispatchAdapter.java:94)
<	at 	at jdk.proxy1/jdk.proxy1.$Proxy2.stop(Unknown Source)
\	at 	at org.gradle.api.internal.tasks.testing.worker.TestWorker$3.run(TestWorker.java:193)
s	at 	at org.gradle.api.internal.tasks.testing.worker.TestWorker.executeAndMaintainThreadName(TestWorker.java:129)
^	at 	at org.gradle.api.internal.tasks.testing.worker.TestWorker.execute(TestWorker.java:100)
]	at 	at org.gradle.api.internal.tasks.testing.worker.TestWorker.execute(TestWorker.java:60)
o	at 	at org.gradle.process.internal.worker.child.ActionExecutionWorker.execute(ActionExecutionWorker.java:56)
‡	at 	at org.gradle.process.internal.worker.child.SystemApplicationClassLoaderWorker.call(SystemApplicationClassLoaderWorker.java:133)
†	at 	at org.gradle.process.internal.worker.child.SystemApplicationClassLoaderWorker.call(SystemApplicationClassLoaderWorker.java:71)
b	at 	at worker.org.gradle.process.internal.worker.GradleWorkerMain.run(GradleWorkerMain.java:69)
c	at 	at worker.org.gradle.process.internal.worker.GradleWorkerMain.main(GradleWorkerMain.java:74)
iCaused by: java.lang.ClassNotFoundException: code.nighma.logging.utils.HighlightingCompositeConverterEx
a	at 	at java.base/jdk.internal.loader.BuiltinClassLoader.loadClass(BuiltinClassLoader.java:641)
d	at 	at java.base/jdk.internal.loader.ClassLoaders$AppClassLoader.loadClass(ClassLoaders.java:188)
I	at 	at java.base/java.lang.ClassLoader.loadClass(ClassLoader.java:520)
h	at 	at ch.qos.logback.core.util.OptionHelper.instantiateByClassNameAndParameter(OptionHelper.java:56)
$	at 	... 108 common frames omitted
†19:26:28,758 |-ERROR in ch.qos.logback.core.pattern.parser.Compiler@561868a0 - Failed to create converter for [%highlightex] keyword
›19:26:28,760 |-WARN in ch.qos.logback.core.ConsoleAppender[Console] - This appender no longer admits a layout as a sub-component, set an encoder instead.
19:26:28,760 |-WARN in ch.qos.logback.core.ConsoleAppender[Console] - To ensure compatibility, wrapping your layout in LayoutWrappingEncoder.
”19:26:28,760 |-WARN in ch.qos.logback.core.ConsoleAppender[Console] - See also http://logback.qos.ch/codes.html#layoutInsteadOfEncoder for details
¢19:26:28,760 |-INFO in ch.qos.logback.core.joran.action.AppenderAction - About to instantiate appender of type [ch.qos.logback.core.rolling.RollingFileAppender]
k19:26:28,763 |-INFO in ch.qos.logback.core.joran.action.AppenderAction - Naming appender as [RollingFile]
j19:26:28,773 |-INFO in c.q.l.core.rolling.TimeBasedRollingPolicy@564272228 - No compression will be used
°19:26:28,774 |-INFO in c.q.l.core.rolling.TimeBasedRollingPolicy@564272228 - Will use the pattern ./logs/archived/spring-boot-logger-%d{yyyy-MM-dd}.%i.log for the active file
È19:26:28,776 |-INFO in ch.qos.logback.core.rolling.SizeAndTimeBasedFNATP@7803bfd - The date pattern is 'yyyy-MM-dd' from file name pattern './logs/archived/spring-boot-logger-%d{yyyy-MM-dd}.%i.log'.
k19:26:28,776 |-INFO in ch.qos.logback.core.rolling.SizeAndTimeBasedFNATP@7803bfd - Roll-over at midnight.
‹19:26:28,779 |-INFO in ch.qos.logback.core.rolling.SizeAndTimeBasedFNATP@7803bfd - Setting initial period to Sun Mar 06 19:26:28 EST 2022
£19:26:28,779 |-WARN in ch.qos.logback.core.rolling.SizeAndTimeBasedFNATP@7803bfd - SizeAndTimeBasedFNATP is deprecated. Use SizeAndTimeBasedRollingPolicy instead
·19:26:28,779 |-WARN in ch.qos.logback.core.rolling.SizeAndTimeBasedFNATP@7803bfd - For more information see http://logback.qos.ch/manual/appenders.html#SizeAndTimeBasedRollingPolicy
„19:26:28,781 |-INFO in ch.qos.logback.core.rolling.RollingFileAppender[RollingFile] - Active log file name: ./logs/application.log
ˆ19:26:28,781 |-INFO in ch.qos.logback.core.rolling.RollingFileAppender[RollingFile] - File property is set to [./logs/application.log]
t19:26:28,783 |-INFO in ch.qos.logback.classic.joran.action.RootLoggerAction - Setting level of ROOT logger to INFO
„19:26:28,783 |-INFO in ch.qos.logback.core.joran.action.AppenderRefAction - Attaching appender named [RollingFile] to Logger[ROOT]
€19:26:28,783 |-INFO in ch.qos.logback.core.joran.action.AppenderRefAction - Attaching appender named [Console] to Logger[ROOT]
z19:26:28,783 |-INFO in ch.qos.logback.classic.joran.action.LoggerAction - Setting level of logger [code.nighma] to TRACE
19:26:28,783 |-INFO in ch.qos.logback.classic.joran.action.LoggerAction - Setting additivity of logger [code.nighma] to false
‹19:26:28,783 |-INFO in ch.qos.logback.core.joran.action.AppenderRefAction - Attaching appender named [RollingFile] to Logger[code.nighma]
‡19:26:28,783 |-INFO in ch.qos.logback.core.joran.action.AppenderRefAction - Attaching appender named [Console] to Logger[code.nighma]
h19:26:28,783 |-INFO in ch.qos.logback.classic.joran.action.ConfigurationAction - End of configuration.
‹19:26:28,784 |-INFO in ch.qos.logback.classic.joran.JoranConfigurator@42bc14c1 - Registering current configuration as safe fallback point

ž[32m2022-03-06 19:26:28,795[0;39m %PARSER_ERROR[highlightex] [[34mTest worker[0;39m] [36mc.n.l.u.LogbackHighlightCompositeConverterExTest[0;39m: Error
 [32m2022-03-06 19:26:28,797[0;39m %PARSER_ERROR[highlightex] [[34mTest worker[0;39m] [36mc.n.l.u.LogbackHighlightCompositeConverterExTest[0;39m: Warning
[32m2022-03-06 19:26:28,799[0;39m %PARSER_ERROR[highlightex] [[34mTest worker[0;39m] [36mc.n.l.u.LogbackHighlightCompositeConverterExTest[0;39m: Info
ž[32m2022-03-06 19:26:28,799[0;39m %PARSER_ERROR[highlightex] [[34mTest worker[0;39m] [36mc.n.l.u.LogbackHighlightCompositeConverterExTest[0;39m: Debug
ž[32m2022-03-06 19:26:28,799[0;39m %PARSER_ERROR[highlightex] [[34mTest worker[0;39m] [36mc.n.l.u.LogbackHighlightCompositeConverterExTest[0;39m: Trace
